{"C:\\Users\\jonas\\Desktop\\rock-paper-scissors-master\\src\\components\\Footer.js": {"path":"C:\\Users\\jonas\\Desktop\\rock-paper-scissors-master\\src\\components\\Footer.js","statementMap":{"0":{"start":{"line":7,"column":17},"end":{"line":7,"column":50}},"1":{"start":{"line":8,"column":25},"end":{"line":8,"column":63}},"2":{"start":{"line":9,"column":16},"end":{"line":9,"column":45}},"3":{"start":{"line":10,"column":20},"end":{"line":10,"column":55}},"4":{"start":{"line":11,"column":21},"end":{"line":11,"column":58}},"5":{"start":{"line":12,"column":27},"end":{"line":12,"column":72}},"6":{"start":{"line":13,"column":19},"end":{"line":13,"column":53}},"7":{"start":{"line":14,"column":26},"end":{"line":14,"column":76}},"8":{"start":{"line":16,"column":21},"end":{"line":16,"column":63}},"9":{"start":{"line":17,"column":21},"end":{"line":17,"column":57}},"10":{"start":{"line":18,"column":16},"end":{"line":18,"column":53}},"11":{"start":{"line":19,"column":23},"end":{"line":19,"column":61}},"12":{"start":{"line":20,"column":21},"end":{"line":20,"column":57}},"13":{"start":{"line":21,"column":22},"end":{"line":21,"column":66}},"14":{"start":{"line":22,"column":20},"end":{"line":22,"column":62}},"15":{"start":{"line":24,"column":2},"end":{"line":24,"column":47}},"16":{"start":{"line":25,"column":2},"end":{"line":25,"column":63}},"17":{"start":{"line":27,"column":2},"end":{"line":27,"column":38}},"18":{"start":{"line":28,"column":2},"end":{"line":28,"column":33}},"19":{"start":{"line":29,"column":2},"end":{"line":29,"column":35}},"20":{"start":{"line":30,"column":2},"end":{"line":30,"column":28}},"21":{"start":{"line":32,"column":2},"end":{"line":32,"column":50}},"22":{"start":{"line":33,"column":2},"end":{"line":33,"column":79}},"23":{"start":{"line":34,"column":2},"end":{"line":34,"column":33}},"24":{"start":{"line":35,"column":2},"end":{"line":35,"column":33}},"25":{"start":{"line":36,"column":2},"end":{"line":36,"column":54}},"26":{"start":{"line":37,"column":2},"end":{"line":37,"column":31}},"27":{"start":{"line":38,"column":2},"end":{"line":38,"column":29}},"28":{"start":{"line":40,"column":2},"end":{"line":42,"column":5}},"29":{"start":{"line":41,"column":4},"end":{"line":41,"column":64}},"30":{"start":{"line":43,"column":2},"end":{"line":45,"column":5}},"31":{"start":{"line":44,"column":4},"end":{"line":44,"column":28}},"32":{"start":{"line":47,"column":2},"end":{"line":47,"column":36}},"33":{"start":{"line":48,"column":2},"end":{"line":48,"column":42}},"34":{"start":{"line":49,"column":2},"end":{"line":49,"column":31}},"35":{"start":{"line":50,"column":2},"end":{"line":50,"column":30}},"36":{"start":{"line":51,"column":2},"end":{"line":51,"column":36}},"37":{"start":{"line":53,"column":2},"end":{"line":53,"column":37}},"38":{"start":{"line":54,"column":2},"end":{"line":54,"column":40}},"39":{"start":{"line":55,"column":2},"end":{"line":55,"column":36}},"40":{"start":{"line":56,"column":2},"end":{"line":56,"column":34}},"41":{"start":{"line":57,"column":2},"end":{"line":57,"column":32}},"42":{"start":{"line":58,"column":2},"end":{"line":58,"column":32}},"43":{"start":{"line":60,"column":2},"end":{"line":60,"column":33}},"44":{"start":{"line":61,"column":2},"end":{"line":61,"column":38}},"45":{"start":{"line":63,"column":2},"end":{"line":63,"column":16}}},"fnMap":{"0":{"name":"Footer","decl":{"start":{"line":6,"column":24},"end":{"line":6,"column":30}},"loc":{"start":{"line":6,"column":33},"end":{"line":64,"column":1}},"line":6},"1":{"name":"(anonymous_1)","decl":{"start":{"line":40,"column":44},"end":{"line":40,"column":45}},"loc":{"start":{"line":40,"column":50},"end":{"line":42,"column":3}},"line":40},"2":{"name":"(anonymous_2)","decl":{"start":{"line":43,"column":45},"end":{"line":43,"column":46}},"loc":{"start":{"line":43,"column":51},"end":{"line":45,"column":3}},"line":43}},"branchMap":{},"s":{"0":1,"1":1,"2":1,"3":1,"4":1,"5":1,"6":1,"7":1,"8":1,"9":1,"10":1,"11":1,"12":1,"13":1,"14":1,"15":1,"16":1,"17":1,"18":1,"19":1,"20":1,"21":1,"22":1,"23":1,"24":1,"25":1,"26":1,"27":1,"28":1,"29":1,"30":1,"31":1,"32":1,"33":1,"34":1,"35":1,"36":1,"37":1,"38":1,"39":1,"40":1,"41":1,"42":1,"43":1,"44":1,"45":1},"f":{"0":1,"1":1,"2":1},"b":{},"_coverageSchema":"1a1c01bbd47fc00a2c39e90264f33305004495a9","hash":"14cbb7a2513fee729cd416689e2349eff00a2b6f"}
,"C:\\Users\\jonas\\Desktop\\rock-paper-scissors-master\\src\\components\\GameButton.js": {"path":"C:\\Users\\jonas\\Desktop\\rock-paper-scissors-master\\src\\components\\GameButton.js","statementMap":{"0":{"start":{"line":8,"column":21},"end":{"line":8,"column":55}},"1":{"start":{"line":9,"column":25},"end":{"line":9,"column":71}},"2":{"start":{"line":10,"column":18},"end":{"line":10,"column":61}},"3":{"start":{"line":12,"column":20},"end":{"line":12,"column":68}},"4":{"start":{"line":13,"column":2},"end":{"line":13,"column":39}},"5":{"start":{"line":14,"column":2},"end":{"line":14,"column":52}},"6":{"start":{"line":15,"column":2},"end":{"line":15,"column":46}},"7":{"start":{"line":16,"column":2},"end":{"line":16,"column":38}},"8":{"start":{"line":18,"column":2},"end":{"line":18,"column":55}},"9":{"start":{"line":20,"column":2},"end":{"line":20,"column":21}},"10":{"start":{"line":21,"column":2},"end":{"line":21,"column":41}},"11":{"start":{"line":22,"column":2},"end":{"line":22,"column":60}},"12":{"start":{"line":24,"column":2},"end":{"line":26,"column":5}},"13":{"start":{"line":25,"column":4},"end":{"line":25,"column":40}},"14":{"start":{"line":27,"column":2},"end":{"line":29,"column":5}},"15":{"start":{"line":28,"column":4},"end":{"line":28,"column":62}},"16":{"start":{"line":30,"column":2},"end":{"line":30,"column":48}},"17":{"start":{"line":32,"column":2},"end":{"line":32,"column":38}},"18":{"start":{"line":33,"column":2},"end":{"line":33,"column":41}},"19":{"start":{"line":35,"column":2},"end":{"line":35,"column":20}}},"fnMap":{"0":{"name":"GameButton","decl":{"start":{"line":3,"column":24},"end":{"line":3,"column":34}},"loc":{"start":{"line":7,"column":2},"end":{"line":36,"column":1}},"line":7},"1":{"name":"(anonymous_1)","decl":{"start":{"line":6,"column":12},"end":{"line":6,"column":13}},"loc":{"start":{"line":6,"column":18},"end":{"line":6,"column":20}},"line":6},"2":{"name":"(anonymous_2)","decl":{"start":{"line":24,"column":43},"end":{"line":24,"column":44}},"loc":{"start":{"line":24,"column":49},"end":{"line":26,"column":3}},"line":24},"3":{"name":"(anonymous_3)","decl":{"start":{"line":27,"column":44},"end":{"line":27,"column":45}},"loc":{"start":{"line":27,"column":50},"end":{"line":29,"column":3}},"line":27}},"branchMap":{"0":{"loc":{"start":{"line":4,"column":2},"end":{"line":4,"column":15}},"type":"default-arg","locations":[{"start":{"line":4,"column":13},"end":{"line":4,"column":15}}],"line":4},"1":{"loc":{"start":{"line":5,"column":2},"end":{"line":5,"column":11}},"type":"default-arg","locations":[{"start":{"line":5,"column":9},"end":{"line":5,"column":11}}],"line":5},"2":{"loc":{"start":{"line":6,"column":2},"end":{"line":6,"column":20}},"type":"default-arg","locations":[{"start":{"line":6,"column":12},"end":{"line":6,"column":20}}],"line":6}},"s":{"0":10,"1":10,"2":10,"3":10,"4":10,"5":10,"6":10,"7":10,"8":10,"9":10,"10":10,"11":10,"12":10,"13":1,"14":10,"15":1,"16":10,"17":10,"18":10,"19":10},"f":{"0":10,"1":0,"2":1,"3":1},"b":{"0":[0],"1":[0],"2":[9]},"_coverageSchema":"1a1c01bbd47fc00a2c39e90264f33305004495a9","hash":"62031e9c9784ad2437bd14ea270d19df2bc32fc2"}
,"C:\\Users\\jonas\\Desktop\\rock-paper-scissors-master\\src\\components\\Header.js": {"path":"C:\\Users\\jonas\\Desktop\\rock-paper-scissors-master\\src\\components\\Header.js","statementMap":{"0":{"start":{"line":2,"column":26},"end":{"line":2,"column":55}},"1":{"start":{"line":3,"column":2},"end":{"line":3,"column":48}},"2":{"start":{"line":5,"column":17},"end":{"line":5,"column":49}},"3":{"start":{"line":6,"column":2},"end":{"line":6,"column":30}},"4":{"start":{"line":8,"column":21},"end":{"line":8,"column":49}},"5":{"start":{"line":9,"column":2},"end":{"line":9,"column":40}},"6":{"start":{"line":10,"column":2},"end":{"line":10,"column":30}},"7":{"start":{"line":12,"column":22},"end":{"line":12,"column":51}},"8":{"start":{"line":13,"column":2},"end":{"line":13,"column":42}},"9":{"start":{"line":15,"column":21},"end":{"line":15,"column":51}},"10":{"start":{"line":16,"column":2},"end":{"line":16,"column":41}},"11":{"start":{"line":17,"column":2},"end":{"line":17,"column":33}},"12":{"start":{"line":19,"column":22},"end":{"line":19,"column":52}},"13":{"start":{"line":20,"column":2},"end":{"line":20,"column":43}},"14":{"start":{"line":21,"column":2},"end":{"line":21,"column":67}},"15":{"start":{"line":23,"column":2},"end":{"line":23,"column":57}},"16":{"start":{"line":25,"column":2},"end":{"line":25,"column":38}},"17":{"start":{"line":26,"column":2},"end":{"line":26,"column":39}},"18":{"start":{"line":27,"column":2},"end":{"line":27,"column":33}},"19":{"start":{"line":28,"column":2},"end":{"line":28,"column":34}},"20":{"start":{"line":29,"column":2},"end":{"line":29,"column":38}},"21":{"start":{"line":31,"column":2},"end":{"line":31,"column":25}}},"fnMap":{"0":{"name":"Header","decl":{"start":{"line":1,"column":24},"end":{"line":1,"column":30}},"loc":{"start":{"line":1,"column":37},"end":{"line":32,"column":1}},"line":1}},"branchMap":{"0":{"loc":{"start":{"line":21,"column":26},"end":{"line":21,"column":66}},"type":"binary-expr","locations":[{"start":{"line":21,"column":26},"end":{"line":21,"column":59}},{"start":{"line":21,"column":63},"end":{"line":21,"column":66}}],"line":21}},"s":{"0":2,"1":2,"2":2,"3":2,"4":2,"5":2,"6":2,"7":2,"8":2,"9":2,"10":2,"11":2,"12":2,"13":2,"14":2,"15":2,"16":2,"17":2,"18":2,"19":2,"20":2,"21":2},"f":{"0":2},"b":{"0":[2,2]},"_coverageSchema":"1a1c01bbd47fc00a2c39e90264f33305004495a9","hash":"94528ee12b81564eb13feb9bf3fd9b56f06fdde6"}
,"C:\\Users\\jonas\\Desktop\\rock-paper-scissors-master\\src\\components\\PickedOption.js": {"path":"C:\\Users\\jonas\\Desktop\\rock-paper-scissors-master\\src\\components\\PickedOption.js","statementMap":{"0":{"start":{"line":7,"column":32},"end":{"line":7,"column":68}},"1":{"start":{"line":8,"column":26},"end":{"line":8,"column":65}},"2":{"start":{"line":9,"column":19},"end":{"line":9,"column":64}},"3":{"start":{"line":10,"column":20},"end":{"line":10,"column":67}},"4":{"start":{"line":11,"column":24},"end":{"line":11,"column":75}},"5":{"start":{"line":12,"column":25},"end":{"line":12,"column":78}},"6":{"start":{"line":13,"column":20},"end":{"line":13,"column":63}},"7":{"start":{"line":15,"column":14},"end":{"line":15,"column":43}},"8":{"start":{"line":16,"column":13},"end":{"line":16,"column":41}},"9":{"start":{"line":18,"column":2},"end":{"line":18,"column":68}},"10":{"start":{"line":20,"column":2},"end":{"line":20,"column":41}},"11":{"start":{"line":21,"column":2},"end":{"line":21,"column":48}},"12":{"start":{"line":23,"column":2},"end":{"line":23,"column":38}},"13":{"start":{"line":24,"column":2},"end":{"line":24,"column":40}},"14":{"start":{"line":26,"column":2},"end":{"line":26,"column":48}},"15":{"start":{"line":27,"column":2},"end":{"line":27,"column":35}},"16":{"start":{"line":29,"column":2},"end":{"line":29,"column":46}},"17":{"start":{"line":30,"column":2},"end":{"line":30,"column":53}},"18":{"start":{"line":31,"column":2},"end":{"line":31,"column":47}},"19":{"start":{"line":33,"column":2},"end":{"line":65,"column":11}},"20":{"start":{"line":34,"column":4},"end":{"line":34,"column":37}},"21":{"start":{"line":36,"column":25},"end":{"line":36,"column":79}},"22":{"start":{"line":37,"column":26},"end":{"line":37,"column":46}},"23":{"start":{"line":39,"column":17},"end":{"line":39,"column":63}},"24":{"start":{"line":41,"column":4},"end":{"line":46,"column":5}},"25":{"start":{"line":42,"column":25},"end":{"line":42,"column":71}},"26":{"start":{"line":43,"column":6},"end":{"line":43,"column":21}},"27":{"start":{"line":45,"column":6},"end":{"line":45,"column":54}},"28":{"start":{"line":48,"column":4},"end":{"line":50,"column":6}},"29":{"start":{"line":52,"column":24},"end":{"line":52,"column":77}},"30":{"start":{"line":53,"column":28},"end":{"line":56,"column":5}},"31":{"start":{"line":58,"column":4},"end":{"line":58,"column":35}},"32":{"start":{"line":59,"column":4},"end":{"line":59,"column":45}},"33":{"start":{"line":61,"column":4},"end":{"line":61,"column":64}},"34":{"start":{"line":63,"column":4},"end":{"line":63,"column":45}},"35":{"start":{"line":64,"column":4},"end":{"line":64,"column":49}},"36":{"start":{"line":67,"column":2},"end":{"line":67,"column":31}}},"fnMap":{"0":{"name":"PickedOption","decl":{"start":{"line":6,"column":24},"end":{"line":6,"column":36}},"loc":{"start":{"line":6,"column":79},"end":{"line":68,"column":1}},"line":6},"1":{"name":"(anonymous_1)","decl":{"start":{"line":33,"column":13},"end":{"line":33,"column":14}},"loc":{"start":{"line":33,"column":19},"end":{"line":65,"column":3}},"line":33}},"branchMap":{"0":{"loc":{"start":{"line":41,"column":4},"end":{"line":46,"column":5}},"type":"if","locations":[{"start":{"line":41,"column":4},"end":{"line":46,"column":5}},{"start":{},"end":{}}],"line":41},"1":{"loc":{"start":{"line":42,"column":32},"end":{"line":42,"column":70}},"type":"binary-expr","locations":[{"start":{"line":42,"column":32},"end":{"line":42,"column":65}},{"start":{"line":42,"column":69},"end":{"line":42,"column":70}}],"line":42}},"s":{"0":5,"1":5,"2":5,"3":5,"4":5,"5":5,"6":5,"7":5,"8":5,"9":5,"10":5,"11":5,"12":5,"13":5,"14":5,"15":5,"16":5,"17":5,"18":5,"19":5,"20":4,"21":4,"22":4,"23":4,"24":4,"25":1,"26":1,"27":1,"28":4,"29":4,"30":4,"31":4,"32":4,"33":4,"34":4,"35":4,"36":5},"f":{"0":5,"1":4},"b":{"0":[1,3],"1":[1,1]},"_coverageSchema":"1a1c01bbd47fc00a2c39e90264f33305004495a9","hash":"26c3f4df6e865ea7215f0fee36391fa0121e84da"}
,"C:\\Users\\jonas\\Desktop\\rock-paper-scissors-master\\src\\utils\\calculateResult.js": {"path":"C:\\Users\\jonas\\Desktop\\rock-paper-scissors-master\\src\\utils\\calculateResult.js","statementMap":{"0":{"start":{"line":2,"column":2},"end":{"line":2,"column":43}},"1":{"start":{"line":2,"column":29},"end":{"line":2,"column":43}},"2":{"start":{"line":4,"column":20},"end":{"line":35,"column":3}},"3":{"start":{"line":37,"column":2},"end":{"line":37,"column":39}}},"fnMap":{"0":{"name":"calculateResult","decl":{"start":{"line":1,"column":24},"end":{"line":1,"column":39}},"loc":{"start":{"line":1,"column":60},"end":{"line":38,"column":1}},"line":1}},"branchMap":{"0":{"loc":{"start":{"line":2,"column":2},"end":{"line":2,"column":43}},"type":"if","locations":[{"start":{"line":2,"column":2},"end":{"line":2,"column":43}},{"start":{},"end":{}}],"line":2}},"s":{"0":4,"1":1,"2":3,"3":3},"f":{"0":4},"b":{"0":[1,3]},"_coverageSchema":"1a1c01bbd47fc00a2c39e90264f33305004495a9","hash":"9e28dd7d0ab3f3e63fbec058ea968d2478266d58"}
,"C:\\Users\\jonas\\Desktop\\rock-paper-scissors-master\\src\\utils\\createElement.js": {"path":"C:\\Users\\jonas\\Desktop\\rock-paper-scissors-master\\src\\utils\\createElement.js","statementMap":{"0":{"start":{"line":2,"column":18},"end":{"line":2,"column":46}},"1":{"start":{"line":3,"column":2},"end":{"line":3,"column":35}},"2":{"start":{"line":5,"column":2},"end":{"line":5,"column":17}}},"fnMap":{"0":{"name":"createElement","decl":{"start":{"line":1,"column":24},"end":{"line":1,"column":37}},"loc":{"start":{"line":1,"column":55},"end":{"line":6,"column":1}},"line":1}},"branchMap":{},"s":{"0":88,"1":88,"2":88},"f":{"0":88},"b":{},"_coverageSchema":"1a1c01bbd47fc00a2c39e90264f33305004495a9","hash":"b89b960ce3695ceab79fac0a16891762ca21fca2"}
,"C:\\Users\\jonas\\Desktop\\rock-paper-scissors-master\\src\\utils\\options.js": {"path":"C:\\Users\\jonas\\Desktop\\rock-paper-scissors-master\\src\\utils\\options.js","statementMap":{"0":{"start":{"line":7,"column":23},"end":{"line":28,"column":1}}},"fnMap":{},"branchMap":{},"s":{"0":2},"f":{},"b":{},"_coverageSchema":"1a1c01bbd47fc00a2c39e90264f33305004495a9","hash":"c71aa92ab36e410890196b66fe49d65e856ecb65"}
,"C:\\Users\\jonas\\Desktop\\rock-paper-scissors-master\\tests\\mocks\\fileMock.js": {"path":"C:\\Users\\jonas\\Desktop\\rock-paper-scissors-master\\tests\\mocks\\fileMock.js","statementMap":{"0":{"start":{"line":1,"column":0},"end":{"line":1,"column":34}}},"fnMap":{},"branchMap":{},"s":{"0":3},"f":{},"b":{},"_coverageSchema":"1a1c01bbd47fc00a2c39e90264f33305004495a9","hash":"8605924a9ee6b9badbfda1f3e4b44bd15ad02b65"}
}
