TN:
SF:src\components\Footer.js
FN:6,Footer
FN:40,(anonymous_1)
FN:43,(anonymous_2)
FNF:3
FNH:3
FNDA:1,Footer
FNDA:1,(anonymous_1)
FNDA:1,(anonymous_2)
DA:7,1
DA:8,1
DA:9,1
DA:10,1
DA:11,1
DA:12,1
DA:13,1
DA:14,1
DA:16,1
DA:17,1
DA:18,1
DA:19,1
DA:20,1
DA:21,1
DA:22,1
DA:24,1
DA:25,1
DA:27,1
DA:28,1
DA:29,1
DA:30,1
DA:32,1
DA:33,1
DA:34,1
DA:35,1
DA:36,1
DA:37,1
DA:38,1
DA:40,1
DA:41,1
DA:43,1
DA:44,1
DA:47,1
DA:48,1
DA:49,1
DA:50,1
DA:51,1
DA:53,1
DA:54,1
DA:55,1
DA:56,1
DA:57,1
DA:58,1
DA:60,1
DA:61,1
DA:63,1
LF:46
LH:46
BRF:0
BRH:0
end_of_record
TN:
SF:src\components\GameButton.js
FN:3,GameButton
FN:6,(anonymous_1)
FN:24,(anonymous_2)
FN:27,(anonymous_3)
FNF:4
FNH:3
FNDA:10,GameButton
FNDA:0,(anonymous_1)
FNDA:1,(anonymous_2)
FNDA:1,(anonymous_3)
DA:8,10
DA:9,10
DA:10,10
DA:12,10
DA:13,10
DA:14,10
DA:15,10
DA:16,10
DA:18,10
DA:20,10
DA:21,10
DA:22,10
DA:24,10
DA:25,1
DA:27,10
DA:28,1
DA:30,10
DA:32,10
DA:33,10
DA:35,10
LF:20
LH:20
BRDA:4,0,0,0
BRDA:5,1,0,0
BRDA:6,2,0,9
BRF:3
BRH:1
end_of_record
TN:
SF:src\components\Header.js
FN:1,Header
FNF:1
FNH:1
FNDA:2,Header
DA:2,2
DA:3,2
DA:5,2
DA:6,2
DA:8,2
DA:9,2
DA:10,2
DA:12,2
DA:13,2
DA:15,2
DA:16,2
DA:17,2
DA:19,2
DA:20,2
DA:21,2
DA:23,2
DA:25,2
DA:26,2
DA:27,2
DA:28,2
DA:29,2
DA:31,2
LF:22
LH:22
BRDA:21,0,0,2
BRDA:21,0,1,2
BRF:2
BRH:2
end_of_record
TN:
SF:src\components\PickedOption.js
FN:6,PickedOption
FN:33,(anonymous_1)
FNF:2
FNH:2
FNDA:5,PickedOption
FNDA:4,(anonymous_1)
DA:7,5
DA:8,5
DA:9,5
DA:10,5
DA:11,5
DA:12,5
DA:13,5
DA:15,5
DA:16,5
DA:18,5
DA:20,5
DA:21,5
DA:23,5
DA:24,5
DA:26,5
DA:27,5
DA:29,5
DA:30,5
DA:31,5
DA:33,5
DA:34,4
DA:36,4
DA:37,4
DA:39,4
DA:41,4
DA:42,1
DA:43,1
DA:45,1
DA:48,4
DA:52,4
DA:53,4
DA:58,4
DA:59,4
DA:61,4
DA:63,4
DA:64,4
DA:67,5
LF:37
LH:37
BRDA:41,0,0,1
BRDA:41,0,1,3
BRDA:42,1,0,1
BRDA:42,1,1,1
BRF:4
BRH:4
end_of_record
TN:
SF:src\utils\calculateResult.js
FN:1,calculateResult
FNF:1
FNH:1
FNDA:4,calculateResult
DA:2,4
DA:4,3
DA:37,3
LF:3
LH:3
BRDA:2,0,0,1
BRDA:2,0,1,3
BRF:2
BRH:2
end_of_record
TN:
SF:src\utils\createElement.js
FN:1,createElement
FNF:1
FNH:1
FNDA:88,createElement
DA:2,88
DA:3,88
DA:5,88
LF:3
LH:3
BRF:0
BRH:0
end_of_record
TN:
SF:src\utils\options.js
FNF:0
FNH:0
DA:7,2
LF:1
LH:1
BRF:0
BRH:0
end_of_record
TN:
SF:tests\mocks\fileMock.js
FNF:0
FNH:0
DA:1,3
LF:1
LH:1
BRF:0
BRH:0
end_of_record
